[www.darknode.army/en.html]
[backblue.gif]
[fade.gif]
[index.html]
[cdn.prod.website-files.com/68da9c3644ccc31db134dd0d/css/darknode-834e90.webflow.shared.bf3286c64.min.css]
[ajax.googleapis.com/ajax/libs/webfont/1.6.26/webfont.js]
[cdn.prod.website-files.com/68da9c3644ccc31db134dd0d/6939358280704ef9dcab7e31_logo.png]
[cdn.prod.website-files.com/68da9c3644ccc31db134dd0d/693935887db46aaa909e7e81_logo (1).png]
[cdn.prod.website-files.com/68da9c3644ccc31db134dd0d/68db11b5bcef7efa86b54b16_pattern.png]
[www.darknode.army/index.html]
[cdn.prod.website-files.com/68da9c3644ccc31db134dd0d/6902b25f84e4aedbee07d698_Group 55.png]
[unpkg.com/gsap@3.12.2/dist/gsap.min.js]
[unpkg.com/gsap@3.12.2/dist/ScrollTrigger.min.js]
[cdn.prod.website-files.com/68da9c3644ccc31db134dd0d/68e3d99c24d687293cf26412_ezgif-frame-003_bwvef1.png]
[cdn.prod.website-files.com/68da9c3644ccc31db134dd0d/68e3d99cff589fb2c08c5034_ezgif-frame-004_wuxo4u.png]
[cdn.prod.website-files.com/68da9c3644ccc31db134dd0d/68e3d99cc79845945abf0d3d_ezgif-frame-005_jp04rl.png]
[cdn.prod.website-files.com/68da9c3644ccc31db134dd0d/68e3d99d491e133a8598f06c_ezgif-frame-006_eudffn.png]
[cdn.prod.website-files.com/68da9c3644ccc31db134dd0d/68e3d99d24d687293cf26430_ezgif-frame-007_ghaiqd.png]
[cdn.prod.website-files.com/68da9c3644ccc31db134dd0d/68e3d99d8f134ef1fa0f02f7_ezgif-frame-008_aw4aiz.png]
[cdn.prod.website-files.com/68da9c3644ccc31db134dd0d/68e3d99d491e133a8598f072_ezgif-frame-009_h0rkco.png]
[cdn.prod.website-files.com/68da9c3644ccc31db134dd0d/68e3d99d66985c9fa5085a62_ezgif-frame-010_n0bzbb.png]
[cdn.prod.website-files.com/68da9c3644ccc31db134dd0d/68e3d99e6bb804a0e39f66b9_ezgif-frame-011_jusd5n.png]
[cdn.prod.website-files.com/68da9c3644ccc31db134dd0d/68e3d99e1a48df7ef5574dc4_ezgif-frame-012_glm9db.png]
[cdn.prod.website-files.com/68da9c3644ccc31db134dd0d/68e3d99ef3a98b128505c55f_ezgif-frame-013_rdbpxe.png]
[cdn.prod.website-files.com/68da9c3644ccc31db134dd0d/68e3d99e0c23180de5b5f1ff_ezgif-frame-014_aqwjje.png]
[cdn.prod.website-files.com/68da9c3644ccc31db134dd0d/68e3d99efb1405775e8d5b43_ezgif-frame-015_vmalen.png]
[cdn.prod.website-files.com/68da9c3644ccc31db134dd0d/68e3d99e4c550002b9976b61_ezgif-frame-016_jkgjsy.png]
[cdn.prod.website-files.com/68da9c3644ccc31db134dd0d/68e3d99e59cf659a6b3efaab_ezgif-frame-017_tf0lky.png]
[cdn.prod.website-files.com/68da9c3644ccc31db134dd0d/68e3d98c415805c1ea89fee9_ezgif-frame-018_m1bxji.png]
[cdn.prod.website-files.com/68da9c3644ccc31db134dd0d/68e3d98c5f4baaf420403c00_ezgif-frame-019_lucvob.png]
[cdn.prod.website-files.com/68da9c3644ccc31db134dd0d/68e3d98ca68c95116194d6db_ezgif-frame-020_ajwlxr.png]
[cdn.prod.website-files.com/68da9c3644ccc31db134dd0d/68e3d98d6602e295025e2f5d_ezgif-frame-021_vkpses.png]
[cdn.prod.website-files.com/68da9c3644ccc31db134dd0d/68e3d98c7d08b8fab97184b1_ezgif-frame-022_epabrt.png]
[cdn.prod.website-files.com/68da9c3644ccc31db134dd0d/68e3d98d0d13a58cb0e103c8_ezgif-frame-023_kryun3.png]
[cdn.prod.website-files.com/68da9c3644ccc31db134dd0d/68e3d98cb08c3e502f7da39f_ezgif-frame-024_mzxahk.png]
[cdn.prod.website-files.com/68da9c3644ccc31db134dd0d/68e3d98cda60fc769fa30d0d_ezgif-frame-025_bdtumv.png]
[cdn.prod.website-files.com/68da9c3644ccc31db134dd0d/68e3d98c65cac9955c2ec4c8_ezgif-frame-026_bopsb5.png]
[cdn.prod.website-files.com/68da9c3644ccc31db134dd0d/68e3d98c99cb00e2b1f96998_ezgif-frame-027_ah1bsx.png]
[cdn.prod.website-files.com/68da9c3644ccc31db134dd0d/68e3d98d4350ff3666cc1425_ezgif-frame-028_sjunt6.png]
[cdn.prod.website-files.com/68da9c3644ccc31db134dd0d/68e3d98d69e557dfd7cc7d31_ezgif-frame-029_bzts6z.png]
[cdn.prod.website-files.com/68da9c3644ccc31db134dd0d/68e3d98d4c06c2cad71522fc_ezgif-frame-030_oifxtu.png]
[cdn.prod.website-files.com/68da9c3644ccc31db134dd0d/68e3d98e138818f4e5aaec68_ezgif-frame-031_nayk89.png]
[cdn.prod.website-files.com/68da9c3644ccc31db134dd0d/68e3d98d5dd9bf65a2597746_ezgif-frame-032_pukdfh.png]
[cdn.prod.website-files.com/68da9c3644ccc31db134dd0d/68e3d98d65cac9955c2ec528_ezgif-frame-033_pk7eps.png]
[cdn.prod.website-files.com/68da9c3644ccc31db134dd0d/68e3d98d5b0b3dd996054595_ezgif-frame-034_luz2zq.png]
[cdn.prod.website-files.com/68da9c3644ccc31db134dd0d/68e3d98d8f134ef1fa0ef621_ezgif-frame-035_flsvve.png]
[cdn.prod.website-files.com/68da9c3644ccc31db134dd0d/68e3d98dbb2765bd7fa4721f_ezgif-frame-036_zhidjf.png]
[cdn.prod.website-files.com/68da9c3644ccc31db134dd0d/68e3d98d8f134ef1fa0ef624_ezgif-frame-037_roz1ah.png]
[cdn.prod.website-files.com/68da9c3644ccc31db134dd0d/68e3d98e4bf47fe309c5c0cd_ezgif-frame-038_pd0f8e.png]
[cdn.prod.website-files.com/68da9c3644ccc31db134dd0d/68e3d98e893ea450f4a43fe1_ezgif-frame-039_vthr9p.png]
[cdn.prod.website-files.com/68da9c3644ccc31db134dd0d/68e3d98ed3e89f8c2e877f17_ezgif-frame-040_sbhsja.png]
[cdn.prod.website-files.com/68da9c3644ccc31db134dd0d/68e3d98e4ee22e3898722b1c_ezgif-frame-041_fejzzd.png]
[cdn.prod.website-files.com/68da9c3644ccc31db134dd0d/68e3d98f55b6cb614ece4bc7_ezgif-frame-042_fijwxn.png]
[cdn.prod.website-files.com/68da9c3644ccc31db134dd0d/68e3d98f7e284d8440cda6c9_ezgif-frame-043_l7hjem.png]
[cdn.prod.website-files.com/68da9c3644ccc31db134dd0d/68e3d98fff2ac44b23540283_ezgif-frame-044_jfuefp.png]
[cdn.prod.website-files.com/68da9c3644ccc31db134dd0d/68e3d98fc24c0c7102f71c43_ezgif-frame-045_k2hopa.png]
[cdn.prod.website-files.com/68da9c3644ccc31db134dd0d/68e3d98f83bac76c57dcaa17_ezgif-frame-046_xzzr5o.png]
[cdn.prod.website-files.com/68da9c3644ccc31db134dd0d/68e3d98fcad804bd48820c1d_ezgif-frame-047_snbmxx.png]
[cdn.prod.website-files.com/68da9c3644ccc31db134dd0d/68e3d98f59cf659a6b3ef3e3_ezgif-frame-048_veayqq.png]
[cdn.prod.website-files.com/68da9c3644ccc31db134dd0d/68e3d98ffd24555d62781c17_ezgif-frame-049_j6pvzk.png]
[cdn.prod.website-files.com/68da9c3644ccc31db134dd0d/68e3d990bb2765bd7fa47287_ezgif-frame-050_r96ssp.png]
[cdn.prod.website-files.com/68da9c3644ccc31db134dd0d/68e3d9905e2e474ab3ecfda6_ezgif-frame-051_uvqqrn.png]
[cdn.prod.website-files.com/68da9c3644ccc31db134dd0d/68e3d990e7c51dac6f4e3403_ezgif-frame-052_az8dih.png]
[cdn.prod.website-files.com/68da9c3644ccc31db134dd0d/68e3d990bdcc956984fa2172_ezgif-frame-053_bu74ic.png]
[cdn.prod.website-files.com/68da9c3644ccc31db134dd0d/68e3d991b80f60a5b2226cb5_ezgif-frame-054_vjynjl.png]
[cdn.prod.website-files.com/68da9c3644ccc31db134dd0d/68e3d991f1aff40eca33d1a6_ezgif-frame-055_j7mhp9.png]
[cdn.prod.website-files.com/68da9c3644ccc31db134dd0d/68e3d991b80f60a5b2226cb2_ezgif-frame-056_pcd4tg.png]
[cdn.prod.website-files.com/68da9c3644ccc31db134dd0d/68e3d99139d73fa4aea3470a_ezgif-frame-057_pgywwm.png]
[cdn.prod.website-files.com/68da9c3644ccc31db134dd0d/68e3d991e4e4ec745c6ecbf4_ezgif-frame-058_ucrnbi.png]
[cdn.prod.website-files.com/68da9c3644ccc31db134dd0d/68e3d9910d8023b4534d58ab_ezgif-frame-059_ihblgo.png]
[cdn.prod.website-files.com/68da9c3644ccc31db134dd0d/68e3d991fef0580595cd10d3_ezgif-frame-060_nm70q4.png]
[cdn.prod.website-files.com/68da9c3644ccc31db134dd0d/68e3d991c446eebaaf23d604_ezgif-frame-061_t2l1a0.png]
[cdn.prod.website-files.com/68da9c3644ccc31db134dd0d/68e3d99238dc22fdae6152e1_ezgif-frame-062_cqxjrt.png]
[cdn.prod.website-files.com/68da9c3644ccc31db134dd0d/68e3d99265cac9955c2ec64d_ezgif-frame-063_fbxmjl.png]
[cdn.prod.website-files.com/68da9c3644ccc31db134dd0d/68e3d992509a9364eb0e83b7_ezgif-frame-064_dcgrhp.png]
[cdn.prod.website-files.com/68da9c3644ccc31db134dd0d/68e3d992c4a6d52c327a87d1_ezgif-frame-065_tzir8g.png]
[cdn.prod.website-files.com/68da9c3644ccc31db134dd0d/68e3d9936be955de5d64cd9d_ezgif-frame-066_vjq40g.png]
[cdn.prod.website-files.com/68da9c3644ccc31db134dd0d/68e3d9939c2e690c949ad406_ezgif-frame-067_eklyra.png]
[cdn.prod.website-files.com/68da9c3644ccc31db134dd0d/68e3d994238f30c969890d26_ezgif-frame-068_ksydrw.png]
[cdn.prod.website-files.com/68da9c3644ccc31db134dd0d/68e3d993c03d653991e6564e_ezgif-frame-069_c5usfi.png]
[cdn.prod.website-files.com/68da9c3644ccc31db134dd0d/68e3d99311113975aa1af612_ezgif-frame-070_kkmtnp.png]
[cdn.prod.website-files.com/68da9c3644ccc31db134dd0d/68e3d993a665a1fa80356691_ezgif-frame-071_es4nuy.png]
[cdn.prod.website-files.com/68da9c3644ccc31db134dd0d/68e3d99320d6d4076357a366_ezgif-frame-072_mk5saj.png]
[cdn.prod.website-files.com/68da9c3644ccc31db134dd0d/68e3d99338dc22fdae6153a8_ezgif-frame-073_veyjwt.png]
[cdn.prod.website-files.com/68da9c3644ccc31db134dd0d/68e3d995f3adfaf03fa8a7d8_ezgif-frame-074_mkgmab.png]
[cdn.prod.website-files.com/68da9c3644ccc31db134dd0d/68e3d9956a0d3771af491c9e_ezgif-frame-075_erpspl.png]
[cdn.prod.website-files.com/68da9c3644ccc31db134dd0d/68e3d995415805c1ea8a073b_ezgif-frame-076_qhlkjb.png]
[cdn.prod.website-files.com/68da9c3644ccc31db134dd0d/68e3d9950d8023b4534d59ca_ezgif-frame-077_zq4t3l.png]
[cdn.prod.website-files.com/68da9c3644ccc31db134dd0d/68e3d996a971626584d2a6a3_ezgif-frame-078_qjqewl.png]
[cdn.prod.website-files.com/68da9c3644ccc31db134dd0d/68e3d996a971626584d2a69e_ezgif-frame-079_jomrok.png]
[cdn.prod.website-files.com/68da9c3644ccc31db134dd0d/68e3d996ffbe0460bc6f1d21_ezgif-frame-080_fh0rnk.png]
[cdn.prod.website-files.com/68da9c3644ccc31db134dd0d/68e3d996efa561d25ce7c702_ezgif-frame-081_eyc7xr.png]
[cdn.prod.website-files.com/68da9c3644ccc31db134dd0d/68e3d99677279e1d0ff95ec5_ezgif-frame-082_ivdej6.png]
[cdn.prod.website-files.com/68da9c3644ccc31db134dd0d/68e3d99626f3716de82eda45_ezgif-frame-083_mhvros.png]
[cdn.prod.website-files.com/68da9c3644ccc31db134dd0d/68e3d996ba5cf668519ec9a4_ezgif-frame-084_mfes6f.png]
[cdn.prod.website-files.com/68da9c3644ccc31db134dd0d/68e3d996415805c1ea8a0761_ezgif-frame-085_n18hzr.png]
[cdn.prod.website-files.com/68da9c3644ccc31db134dd0d/68e3d997606e4f912a94afbc_ezgif-frame-086_qguoyc.png]
[cdn.prod.website-files.com/68da9c3644ccc31db134dd0d/68e3d9975e2e474ab3ecfff1_ezgif-frame-087_emxptg.png]
[cdn.prod.website-files.com/68da9c3644ccc31db134dd0d/68e3d99759cf659a6b3ef725_ezgif-frame-088_na4hol.png]
[cdn.prod.website-files.com/68da9c3644ccc31db134dd0d/68e3d9974ad72c6ba5f0761c_ezgif-frame-089_zn9pyi.png]
[cdn.prod.website-files.com/68da9c3644ccc31db134dd0d/68e3d9986de276fc4d05e79b_ezgif-frame-090_zhgmxm.png]
[cdn.prod.website-files.com/68da9c3644ccc31db134dd0d/68e3d99835ec8049afade8f2_ezgif-frame-091_gacfzp.png]
[cdn.prod.website-files.com/68da9c3644ccc31db134dd0d/68e3d99821f556bf10029a0c_ezgif-frame-092_nf4ulc.png]
[cdn.prod.website-files.com/68da9c3644ccc31db134dd0d/68e3d998465cc82da5cb403d_ezgif-frame-093_cz3efw.png]
[cdn.prod.website-files.com/68da9c3644ccc31db134dd0d/68e3d9981e8530f326fcd66b_ezgif-frame-094_wdqagd.png]
[cdn.prod.website-files.com/68da9c3644ccc31db134dd0d/68e3d9980a6fe4c2ea6d9950_ezgif-frame-095_c30uda.png]
[cdn.prod.website-files.com/68da9c3644ccc31db134dd0d/68e3d998efa561d25ce7c785_ezgif-frame-096_n4qvun.png]
[cdn.prod.website-files.com/68da9c3644ccc31db134dd0d/68e3d99859bd5934cf17a82f_ezgif-frame-097_fuzchg.png]
[cdn.prod.website-files.com/68da9c3644ccc31db134dd0d/68e3d998e46552a863f4cb4a_ezgif-frame-098_uebfuw.png]
[cdn.prod.website-files.com/68da9c3644ccc31db134dd0d/68e3d998b08c3e502f7da951_ezgif-frame-099_c6pdn2.png]
[cdn.prod.website-files.com/68da9c3644ccc31db134dd0d/68e3d99864ddf37e7ee6743f_ezgif-frame-100_ivzcwc.png]
[cdn.prod.website-files.com/68da9c3644ccc31db134dd0d/68e3d99831a4c3fcdc41c088_ezgif-frame-101_jyno0z.png]
[cdn.prod.website-files.com/68da9c3644ccc31db134dd0d/68e3d99a3489cb7b2db4bf3d_ezgif-frame-102_edpfmu.png]
[cdn.prod.website-files.com/68da9c3644ccc31db134dd0d/68e3d99ac446eebaaf23d8e6_ezgif-frame-103_hpxx7c.png]
[cdn.prod.website-files.com/68da9c3644ccc31db134dd0d/68e3d99a3d2f35afd6058d04_ezgif-frame-104_rbdkjd.png]
[cdn.prod.website-files.com/68da9c3644ccc31db134dd0d/68e3d99ab3eb00b43baba836_ezgif-frame-105_wi4z4k.png]
[cdn.prod.website-files.com/68da9c3644ccc31db134dd0d/68e3d99aeb1d6e59233cc36a_ezgif-frame-106_znjbgq.png]
[cdn.prod.website-files.com/68da9c3644ccc31db134dd0d/68e3d99b119424f8b206685a_ezgif-frame-107_uobiz5.png]
[cdn.prod.website-files.com/68da9c3644ccc31db134dd0d/68e3d99b83099a452840e605_ezgif-frame-108_vduwht.png]
[cdn.prod.website-files.com/68da9c3644ccc31db134dd0d/68e3d99aeee4adcd43bfd5d9_ezgif-frame-109_b2znhd.png]
[cdn.prod.website-files.com/68da9c3644ccc31db134dd0d/68e3d99ad56c27359d112290_ezgif-frame-110_opcgkx.png]
[cdn.prod.website-files.com/68da9c3644ccc31db134dd0d/68e3d99a8a7736b12d6d45dd_ezgif-frame-111_slpzse.png]
[cdn.prod.website-files.com/68da9c3644ccc31db134dd0d/68e3d99aba5cf668519ecb5b_ezgif-frame-112_abca2f.png]
[cdn.prod.website-files.com/68da9c3644ccc31db134dd0d/68e3d99ae7c51dac6f4e384a_ezgif-frame-113_svsifj.png]
[cdn.prod.website-files.com/68da9c3644ccc31db134dd0d/6902b96c25257f5ea1c7d672_Group 56.png]
[cdn.prod.website-files.com/68da9c3644ccc31db134dd0d/6941d92405799b962362caed_decor.png]
[d3e54v103j8qbb.cloudfront.net/js/jquery-3.5.1.min.dc5e7f18c8c7db.js]
[cdn.prod.website-files.com/68da9c3644ccc31db134dd0d/js/webflow.schunk.a9886196222f6343.js]
[cdn.prod.website-files.com/68da9c3644ccc31db134dd0d/js/webflow.schunk.d9927748d7bf70cc.js]
[cdn.prod.website-files.com/68da9c3644ccc31db134dd0d/js/webflow.40aa42e0.672d5c7e8b34088a.js]
[cdn.prod.website-files.com/gsap/3.14.2/gsap.min.js]
[cdn.prod.website-files.com/gsap/3.14.2/ScrollTrigger.min.js]
[cdn.prod.website-files.com/gsap/3.14.2/ScrambleTextPlugin.min.js]
[cdn.prod.website-files.com/gsap/3.14.2/SplitText.min.js]
[unpkg.com/@studio-freight/lenis@1.0.33/dist/lenis.min.js]
[unpkg.com/gsap@3.14.2/dist/gsap.min.js]
[unpkg.com/gsap@3.14.2/dist/ScrollTrigger.min.js]
[www.darknode.army/en.html]
[cdn.prod.website-files.com/68da9c3644ccc31db134dd0d/css/darknode-834e90.webflow.shared.bf3286c64.min.css]
[cdn.jsdelivr.net/npm/three-js@79.0.0/three.min.js]
[cdn.prod.website-files.com/68da9c3644ccc31db134dd0d/698dc4def06f42cc8a555e54_СБС 1.png]
[www.darknode.army/index.html]
[cdn.prod.website-files.com/68da9c3644ccc31db134dd0d/js/webflow.3c4e25da.5654ac2234560f78.js]
[www.darknode.army/_https_/cdn.prod.website-files.com/68da9c3644ccc31db134dd0d/68db0fd04867ee81e3a91bdb_video-DN (1)-poster-00001.html]
